<?xml version="1.0" encoding="UTF-8"?>
<testng-results skipped="0" failed="0" ignored="0" total="1" passed="1">
  <reporter-output>
  </reporter-output>
  <suite name="Default suite" duration-ms="26303" started-at="2022-05-17T15:12:13 IST" finished-at="2022-05-17T15:12:39 IST">
    <groups>
    </groups>
    <test name="Default test" duration-ms="26303" started-at="2022-05-17T15:12:13 IST" finished-at="2022-05-17T15:12:39 IST">
      <class name="com.myproject.framework.TestCases">
        <test-method status="PASS" signature="invokeBrowser()[pri:0, instance:com.myproject.framework.TestCases@6c9f5c0d]" name="invokeBrowser" is-config="true" duration-ms="22714" started-at="2022-05-17T15:12:13 IST" finished-at="2022-05-17T15:12:35 IST">
          <reporter-output>
          </reporter-output>
        </test-method> <!-- invokeBrowser -->
        <test-method status="PASS" signature="scrollWindow()[pri:0, instance:com.myproject.framework.TestCases@6c9f5c0d]" name="scrollWindow" duration-ms="3430" started-at="2022-05-17T15:12:35 IST" finished-at="2022-05-17T15:12:39 IST">
          <reporter-output>
          </reporter-output>
        </test-method> <!-- scrollWindow -->
      </class> <!-- com.myproject.framework.TestCases -->
    </test> <!-- Default test -->
  </suite> <!-- Default suite -->
</testng-results>
